<?xml version="1.0" encoding="UTF-8"?>
<!-- Generated by org.testng.reporters.JUnitXMLReporter -->
<testsuite ignored="0" hostname="LAPTOP-VRAFTVET" failures="0" tests="4" name="Test" time="10.678" errors="0" timestamp="2024-02-28T12:00:38 IST">
  <testcase classname="Axis.AXIS.InvokeChrome" name="chrome" time="3.624"/>
  <testcase classname="Axis.AXIS.ListenerTestClass" name="invokechrome" time="4.058"/>
  <testcase classname="Axis.AXIS.InvokeEdge" name="edge" time="6.05"/>
  <testcase classname="Axis.AXIS.InvokeFirefox" name="firefox" time="10.619"/>
</testsuite> <!-- Test -->
