<?xml version="1.0" encoding="UTF-8"?>
<testng-results ignored="0" total="4" passed="4" failed="0" skipped="0">
  <reporter-output>
  </reporter-output>
  <suite started-at="2024-02-28T12:00:28 IST" name="Suite" finished-at="2024-02-28T12:00:38 IST" duration-ms="10678">
    <groups>
    </groups>
    <test started-at="2024-02-28T12:00:28 IST" name="Test" finished-at="2024-02-28T12:00:38 IST" duration-ms="10678">
      <class name="Axis.AXIS.ListenerTestClass">
        <test-method signature="invokechrome()[pri:0, instance:Axis.AXIS.ListenerTestClass@1613674b]" started-at="2024-02-28T12:00:28 IST" name="invokechrome" finished-at="2024-02-28T12:00:32 IST" duration-ms="4058" status="PASS">
          <reporter-output>
          </reporter-output>
        </test-method> <!-- invokechrome -->
      </class> <!-- Axis.AXIS.ListenerTestClass -->
      <class name="Axis.AXIS.InvokeFirefox">
        <test-method signature="firefox()[pri:0, instance:Axis.AXIS.InvokeFirefox@27ff5d15]" started-at="2024-02-28T12:00:28 IST" name="firefox" finished-at="2024-02-28T12:00:38 IST" duration-ms="10619" status="PASS">
          <reporter-output>
          </reporter-output>
        </test-method> <!-- firefox -->
      </class> <!-- Axis.AXIS.InvokeFirefox -->
      <class name="Axis.AXIS.InvokeEdge">
        <test-method signature="edge()[pri:0, instance:Axis.AXIS.InvokeEdge@6631f5ca]" started-at="2024-02-28T12:00:28 IST" name="edge" finished-at="2024-02-28T12:00:34 IST" duration-ms="6050" status="PASS">
          <reporter-output>
          </reporter-output>
        </test-method> <!-- edge -->
      </class> <!-- Axis.AXIS.InvokeEdge -->
      <class name="Axis.AXIS.InvokeChrome">
        <test-method signature="chrome()[pri:0, instance:Axis.AXIS.InvokeChrome@4e7912d8]" started-at="2024-02-28T12:00:28 IST" name="chrome" finished-at="2024-02-28T12:00:31 IST" duration-ms="3624" status="PASS">
          <reporter-output>
          </reporter-output>
        </test-method> <!-- chrome -->
      </class> <!-- Axis.AXIS.InvokeChrome -->
    </test> <!-- Test -->
  </suite> <!-- Suite -->
</testng-results>
