<?xml version="1.0" encoding="UTF-8"?>
<testng-results ignored="0" total="1" passed="1" failed="0" skipped="0">
  <reporter-output>
  </reporter-output>
  <suite started-at="2024-02-29T23:10:07 IST" name="Suite" finished-at="2024-02-29T23:10:11 IST" duration-ms="4702">
    <groups>
    </groups>
    <test started-at="2024-02-29T23:10:07 IST" name="Test" finished-at="2024-02-29T23:10:11 IST" duration-ms="4702">
      <class name="Axis.AXIS.Parameterized">
        <test-method signature="parameterizedtest(java.lang.String)[pri:0, instance:Axis.AXIS.Parameterized@506ae4d4]" started-at="2024-02-29T23:10:07 IST" name="parameterizedtest" finished-at="2024-02-29T23:10:11 IST" duration-ms="4666" status="PASS">
          <params>
            <param index="0">
              <value>
                <![CDATA[]]>
              </value>
            </param>
          </params>
          <reporter-output>
          </reporter-output>
        </test-method> <!-- parameterizedtest -->
      </class> <!-- Axis.AXIS.Parameterized -->
    </test> <!-- Test -->
  </suite> <!-- Suite -->
</testng-results>
