<?xml version="1.0" encoding="UTF-8"?>
<testng-results ignored="0" total="1" passed="1" failed="0" skipped="0">
  <reporter-output>
  </reporter-output>
  <suite started-at="2024-02-27T11:43:05 IST" name="Default suite" finished-at="2024-02-27T11:43:19 IST" duration-ms="14049">
    <groups>
    </groups>
    <test started-at="2024-02-27T11:43:05 IST" name="Default test" finished-at="2024-02-27T11:43:19 IST" duration-ms="14049">
      <class name="Axis.AXIS.InvokeChrome">
        <test-method signature="chrome()[pri:0, instance:Axis.AXIS.InvokeChrome@29215f06]" started-at="2024-02-27T11:43:05 IST" name="chrome" finished-at="2024-02-27T11:43:19 IST" duration-ms="14017" status="PASS">
          <reporter-output>
          </reporter-output>
        </test-method> <!-- chrome -->
      </class> <!-- Axis.AXIS.InvokeChrome -->
    </test> <!-- Default test -->
  </suite> <!-- Default suite -->
</testng-results>
